
 Performance counter stats for './mandelbrot_pth -0.8 -0.7 0.05 0.15 16' (10 runs):

          0.863472      task-clock (msec)         #    0.354 CPUs utilized            ( +-  1.72% )
                 1      context-switches          #    0.695 K/sec                    ( +- 27.22% )
                 0      cpu-migrations            #    0.000 K/sec                  
                58      page-faults               #    0.067 M/sec                    ( +-  0.60% )
   <not supported>      cycles                   
   <not supported>      stalled-cycles-frontend  
   <not supported>      stalled-cycles-backend   
   <not supported>      instructions             
   <not supported>      branches                 
   <not supported>      branch-misses            
   <not supported>      L1-dcache-loads          
   <not supported>      L1-dcache-load-misses    
   <not supported>      LLC-loads                
   <not supported>      LLC-load-misses          
   <not supported>      L1-icache-loads          
   <not supported>      L1-icache-load-misses    
   <not supported>      dTLB-loads               
   <not supported>      dTLB-load-misses         
   <not supported>      iTLB-loads               
   <not supported>      iTLB-load-misses         
   <not supported>      L1-dcache-prefetches     
   <not supported>      L1-dcache-prefetch-misses

       0.002439569 seconds time elapsed                                          ( +- 28.30% )


 Performance counter stats for './mandelbrot_pth -0.8 -0.7 0.05 0.15 32' (10 runs):

          2.127848      task-clock (msec)         #    0.457 CPUs utilized            ( +-  0.82% )
                 1      context-switches          #    0.329 K/sec                    ( +- 21.82% )
                 0      cpu-migrations            #    0.047 K/sec                    ( +-100.00% )
                66      page-faults               #    0.031 M/sec                    ( +-  0.49% )
   <not supported>      cycles                   
   <not supported>      stalled-cycles-frontend  
   <not supported>      stalled-cycles-backend   
   <not supported>      instructions             
   <not supported>      branches                 
   <not supported>      branch-misses            
   <not supported>      L1-dcache-loads          
   <not supported>      L1-dcache-load-misses    
   <not supported>      LLC-loads                
   <not supported>      LLC-load-misses          
   <not supported>      L1-icache-loads          
   <not supported>      L1-icache-load-misses    
   <not supported>      dTLB-loads               
   <not supported>      dTLB-load-misses         
   <not supported>      iTLB-loads               
   <not supported>      iTLB-load-misses         
   <not supported>      L1-dcache-prefetches     
   <not supported>      L1-dcache-prefetch-misses

       0.004652710 seconds time elapsed                                          ( +- 30.83% )


 Performance counter stats for './mandelbrot_pth -0.8 -0.7 0.05 0.15 64' (10 runs):

          7.021788      task-clock (msec)         #    0.950 CPUs utilized            ( +-  0.30% )
                 0      context-switches          #    0.014 K/sec                    ( +-100.00% )
                 0      cpu-migrations            #    0.000 K/sec                  
                96      page-faults               #    0.014 M/sec                    ( +-  0.29% )
   <not supported>      cycles                   
   <not supported>      stalled-cycles-frontend  
   <not supported>      stalled-cycles-backend   
   <not supported>      instructions             
   <not supported>      branches                 
   <not supported>      branch-misses            
   <not supported>      L1-dcache-loads          
   <not supported>      L1-dcache-load-misses    
   <not supported>      LLC-loads                
   <not supported>      LLC-load-misses          
   <not supported>      L1-icache-loads          
   <not supported>      L1-icache-load-misses    
   <not supported>      dTLB-loads               
   <not supported>      dTLB-load-misses         
   <not supported>      iTLB-loads               
   <not supported>      iTLB-load-misses         
   <not supported>      L1-dcache-prefetches     
   <not supported>      L1-dcache-prefetch-misses

       0.007394861 seconds time elapsed                                          ( +-  0.33% )


 Performance counter stats for './mandelbrot_pth -0.8 -0.7 0.05 0.15 128' (10 runs):

         26.906399      task-clock (msec)         #    0.985 CPUs utilized            ( +-  0.38% )
                 0      context-switches          #    0.000 K/sec                  
                 0      cpu-migrations            #    0.000 K/sec                  
               217      page-faults               #    0.008 M/sec                    ( +-  0.16% )
   <not supported>      cycles                   
   <not supported>      stalled-cycles-frontend  
   <not supported>      stalled-cycles-backend   
   <not supported>      instructions             
   <not supported>      branches                 
   <not supported>      branch-misses            
   <not supported>      L1-dcache-loads          
   <not supported>      L1-dcache-load-misses    
   <not supported>      LLC-loads                
   <not supported>      LLC-load-misses          
   <not supported>      L1-icache-loads          
   <not supported>      L1-icache-load-misses    
   <not supported>      dTLB-loads               
   <not supported>      dTLB-load-misses         
   <not supported>      iTLB-loads               
   <not supported>      iTLB-load-misses         
   <not supported>      L1-dcache-prefetches     
   <not supported>      L1-dcache-prefetch-misses

       0.027313745 seconds time elapsed                                          ( +-  0.40% )


 Performance counter stats for './mandelbrot_pth -0.8 -0.7 0.05 0.15 256' (10 runs):

        105.140307      task-clock (msec)         #    0.994 CPUs utilized            ( +-  0.26% )
                 0      context-switches          #    0.005 K/sec                    ( +- 44.72% )
                 0      cpu-migrations            #    0.000 K/sec                  
               697      page-faults               #    0.007 M/sec                    ( +-  0.05% )
   <not supported>      cycles                   
   <not supported>      stalled-cycles-frontend  
   <not supported>      stalled-cycles-backend   
   <not supported>      instructions             
   <not supported>      branches                 
   <not supported>      branch-misses            
   <not supported>      L1-dcache-loads          
   <not supported>      L1-dcache-load-misses    
   <not supported>      LLC-loads                
   <not supported>      LLC-load-misses          
   <not supported>      L1-icache-loads          
   <not supported>      L1-icache-load-misses    
   <not supported>      dTLB-loads               
   <not supported>      dTLB-load-misses         
   <not supported>      iTLB-loads               
   <not supported>      iTLB-load-misses         
   <not supported>      L1-dcache-prefetches     
   <not supported>      L1-dcache-prefetch-misses

       0.105791003 seconds time elapsed                                          ( +-  0.48% )


 Performance counter stats for './mandelbrot_pth -0.8 -0.7 0.05 0.15 512' (10 runs):

        418.088657      task-clock (msec)         #    0.997 CPUs utilized            ( +-  0.22% )
                 1      context-switches          #    0.002 K/sec                    ( +- 33.33% )
                 0      cpu-migrations            #    0.000 K/sec                  
             2,617      page-faults               #    0.006 M/sec                    ( +-  0.01% )
   <not supported>      cycles                   
   <not supported>      stalled-cycles-frontend  
   <not supported>      stalled-cycles-backend   
   <not supported>      instructions             
   <not supported>      branches                 
   <not supported>      branch-misses            
   <not supported>      L1-dcache-loads          
   <not supported>      L1-dcache-load-misses    
   <not supported>      LLC-loads                
   <not supported>      LLC-load-misses          
   <not supported>      L1-icache-loads          
   <not supported>      L1-icache-load-misses    
   <not supported>      dTLB-loads               
   <not supported>      dTLB-load-misses         
   <not supported>      iTLB-loads               
   <not supported>      iTLB-load-misses         
   <not supported>      L1-dcache-prefetches     
   <not supported>      L1-dcache-prefetch-misses

       0.419172959 seconds time elapsed                                          ( +-  0.30% )


 Performance counter stats for './mandelbrot_pth -0.8 -0.7 0.05 0.15 1024' (10 runs):

       1666.829057      task-clock (msec)         #    1.000 CPUs utilized            ( +-  0.14% )
                 3      context-switches          #    0.002 K/sec                    ( +- 13.30% )
                 0      cpu-migrations            #    0.000 K/sec                    ( +- 50.92% )
            10,297      page-faults               #    0.006 M/sec                    ( +-  0.00% )
   <not supported>      cycles                   
   <not supported>      stalled-cycles-frontend  
   <not supported>      stalled-cycles-backend   
   <not supported>      instructions             
   <not supported>      branches                 
   <not supported>      branch-misses            
   <not supported>      L1-dcache-loads          
   <not supported>      L1-dcache-load-misses    
   <not supported>      LLC-loads                
   <not supported>      LLC-load-misses          
   <not supported>      L1-icache-loads          
   <not supported>      L1-icache-load-misses    
   <not supported>      dTLB-loads               
   <not supported>      dTLB-load-misses         
   <not supported>      iTLB-loads               
   <not supported>      iTLB-load-misses         
   <not supported>      L1-dcache-prefetches     
   <not supported>      L1-dcache-prefetch-misses

       1.667358753 seconds time elapsed                                          ( +-  0.15% )


 Performance counter stats for './mandelbrot_pth -0.8 -0.7 0.05 0.15 2048' (10 runs):

       6682.422955      task-clock (msec)         #    1.000 CPUs utilized            ( +-  0.17% )
                12      context-switches          #    0.002 K/sec                    ( +-  3.04% )
                 0      cpu-migrations            #    0.000 K/sec                  
            41,017      page-faults               #    0.006 M/sec                    ( +-  0.00% )
   <not supported>      cycles                   
   <not supported>      stalled-cycles-frontend  
   <not supported>      stalled-cycles-backend   
   <not supported>      instructions             
   <not supported>      branches                 
   <not supported>      branch-misses            
   <not supported>      L1-dcache-loads          
   <not supported>      L1-dcache-load-misses    
   <not supported>      LLC-loads                
   <not supported>      LLC-load-misses          
   <not supported>      L1-icache-loads          
   <not supported>      L1-icache-load-misses    
   <not supported>      dTLB-loads               
   <not supported>      dTLB-load-misses         
   <not supported>      iTLB-loads               
   <not supported>      iTLB-load-misses         
   <not supported>      L1-dcache-prefetches     
   <not supported>      L1-dcache-prefetch-misses

       6.683110748 seconds time elapsed                                          ( +-  0.17% )


 Performance counter stats for './mandelbrot_pth -0.8 -0.7 0.05 0.15 4096' (10 runs):

      26758.085427      task-clock (msec)         #    0.998 CPUs utilized            ( +-  0.19% )
                50      context-switches          #    0.002 K/sec                    ( +-  0.65% )
                 0      cpu-migrations            #    0.000 K/sec                    ( +-100.00% )
           163,897      page-faults               #    0.006 M/sec                    ( +-  0.00% )
   <not supported>      cycles                   
   <not supported>      stalled-cycles-frontend  
   <not supported>      stalled-cycles-backend   
   <not supported>      instructions             
   <not supported>      branches                 
   <not supported>      branch-misses            
   <not supported>      L1-dcache-loads          
   <not supported>      L1-dcache-load-misses    
   <not supported>      LLC-loads                
   <not supported>      LLC-load-misses          
   <not supported>      L1-icache-loads          
   <not supported>      L1-icache-load-misses    
   <not supported>      dTLB-loads               
   <not supported>      dTLB-load-misses         
   <not supported>      iTLB-loads               
   <not supported>      iTLB-load-misses         
   <not supported>      L1-dcache-prefetches     
   <not supported>      L1-dcache-prefetch-misses

      26.807337226 seconds time elapsed                                          ( +-  0.19% )


 Performance counter stats for './mandelbrot_pth -0.8 -0.7 0.05 0.15 8192' (10 runs):

     106745.076269      task-clock (msec)         #    0.989 CPUs utilized            ( +-  0.07% )
               210      context-switches          #    0.002 K/sec                    ( +-  0.26% )
                 0      cpu-migrations            #    0.000 K/sec                    ( +-100.00% )
           655,417      page-faults               #    0.006 M/sec                    ( +-  0.00% )
   <not supported>      cycles                   
   <not supported>      stalled-cycles-frontend  
   <not supported>      stalled-cycles-backend   
   <not supported>      instructions             
   <not supported>      branches                 
   <not supported>      branch-misses            
   <not supported>      L1-dcache-loads          
   <not supported>      L1-dcache-load-misses    
   <not supported>      LLC-loads                
   <not supported>      LLC-load-misses          
   <not supported>      L1-icache-loads          
   <not supported>      L1-icache-load-misses    
   <not supported>      dTLB-loads               
   <not supported>      dTLB-load-misses         
   <not supported>      iTLB-loads               
   <not supported>      iTLB-load-misses         
   <not supported>      L1-dcache-prefetches     
   <not supported>      L1-dcache-prefetch-misses

     107.907082485 seconds time elapsed                                          ( +-  0.08% )

