
 Performance counter stats for './mandelbrot_omp -0.188 -0.012 0.554 0.754 16' (10 runs):

          0.943370      task-clock (msec)         #    0.759 CPUs utilized            ( +-  2.10% )
                 0      context-switches          #    0.106 K/sec                    ( +-100.00% )
                 0      cpu-migrations            #    0.000 K/sec                  
                63      page-faults               #    0.067 M/sec                    ( +-  0.16% )
   <not supported>      cycles                   
   <not supported>      stalled-cycles-frontend  
   <not supported>      stalled-cycles-backend   
   <not supported>      instructions             
   <not supported>      branches                 
   <not supported>      branch-misses            
   <not supported>      L1-dcache-loads          
   <not supported>      L1-dcache-load-misses    
   <not supported>      LLC-loads                
   <not supported>      LLC-load-misses          
   <not supported>      L1-icache-loads          
   <not supported>      L1-icache-load-misses    
   <not supported>      dTLB-loads               
   <not supported>      dTLB-load-misses         
   <not supported>      iTLB-loads               
   <not supported>      iTLB-load-misses         
   <not supported>      L1-dcache-prefetches     
   <not supported>      L1-dcache-prefetch-misses

       0.001242772 seconds time elapsed                                          ( +-  2.00% )


 Performance counter stats for './mandelbrot_omp -0.188 -0.012 0.554 0.754 32' (10 runs):

          2.286027      task-clock (msec)         #    0.874 CPUs utilized            ( +-  0.66% )
                 0      context-switches          #    0.000 K/sec                  
                 0      cpu-migrations            #    0.000 K/sec                  
                70      page-faults               #    0.031 M/sec                    ( +-  0.43% )
   <not supported>      cycles                   
   <not supported>      stalled-cycles-frontend  
   <not supported>      stalled-cycles-backend   
   <not supported>      instructions             
   <not supported>      branches                 
   <not supported>      branch-misses            
   <not supported>      L1-dcache-loads          
   <not supported>      L1-dcache-load-misses    
   <not supported>      LLC-loads                
   <not supported>      LLC-load-misses          
   <not supported>      L1-icache-loads          
   <not supported>      L1-icache-load-misses    
   <not supported>      dTLB-loads               
   <not supported>      dTLB-load-misses         
   <not supported>      iTLB-loads               
   <not supported>      iTLB-load-misses         
   <not supported>      L1-dcache-prefetches     
   <not supported>      L1-dcache-prefetch-misses

       0.002616480 seconds time elapsed                                          ( +-  0.90% )


 Performance counter stats for './mandelbrot_omp -0.188 -0.012 0.554 0.754 64' (10 runs):

          7.990762      task-clock (msec)         #    0.952 CPUs utilized            ( +-  0.19% )
                 0      context-switches          #    0.013 K/sec                    ( +-100.00% )
                 0      cpu-migrations            #    0.000 K/sec                  
               100      page-faults               #    0.013 M/sec                    ( +-  0.17% )
   <not supported>      cycles                   
   <not supported>      stalled-cycles-frontend  
   <not supported>      stalled-cycles-backend   
   <not supported>      instructions             
   <not supported>      branches                 
   <not supported>      branch-misses            
   <not supported>      L1-dcache-loads          
   <not supported>      L1-dcache-load-misses    
   <not supported>      LLC-loads                
   <not supported>      LLC-load-misses          
   <not supported>      L1-icache-loads          
   <not supported>      L1-icache-load-misses    
   <not supported>      dTLB-loads               
   <not supported>      dTLB-load-misses         
   <not supported>      iTLB-loads               
   <not supported>      iTLB-load-misses         
   <not supported>      L1-dcache-prefetches     
   <not supported>      L1-dcache-prefetch-misses

       0.008392275 seconds time elapsed                                          ( +-  0.22% )


 Performance counter stats for './mandelbrot_omp -0.188 -0.012 0.554 0.754 128' (10 runs):

         30.411503      task-clock (msec)         #    0.987 CPUs utilized            ( +-  0.60% )
                 0      context-switches          #    0.003 K/sec                    ( +-100.00% )
                 0      cpu-migrations            #    0.000 K/sec                  
               220      page-faults               #    0.007 M/sec                    ( +-  0.14% )
   <not supported>      cycles                   
   <not supported>      stalled-cycles-frontend  
   <not supported>      stalled-cycles-backend   
   <not supported>      instructions             
   <not supported>      branches                 
   <not supported>      branch-misses            
   <not supported>      L1-dcache-loads          
   <not supported>      L1-dcache-load-misses    
   <not supported>      LLC-loads                
   <not supported>      LLC-load-misses          
   <not supported>      L1-icache-loads          
   <not supported>      L1-icache-load-misses    
   <not supported>      dTLB-loads               
   <not supported>      dTLB-load-misses         
   <not supported>      iTLB-loads               
   <not supported>      iTLB-load-misses         
   <not supported>      L1-dcache-prefetches     
   <not supported>      L1-dcache-prefetch-misses

       0.030821839 seconds time elapsed                                          ( +-  0.61% )


 Performance counter stats for './mandelbrot_omp -0.188 -0.012 0.554 0.754 256' (10 runs):

        118.958089      task-clock (msec)         #    0.996 CPUs utilized            ( +-  0.13% )
                 0      context-switches          #    0.002 K/sec                    ( +-100.00% )
                 0      cpu-migrations            #    0.000 K/sec                  
               701      page-faults               #    0.006 M/sec                    ( +-  0.06% )
   <not supported>      cycles                   
   <not supported>      stalled-cycles-frontend  
   <not supported>      stalled-cycles-backend   
   <not supported>      instructions             
   <not supported>      branches                 
   <not supported>      branch-misses            
   <not supported>      L1-dcache-loads          
   <not supported>      L1-dcache-load-misses    
   <not supported>      LLC-loads                
   <not supported>      LLC-load-misses          
   <not supported>      L1-icache-loads          
   <not supported>      L1-icache-load-misses    
   <not supported>      dTLB-loads               
   <not supported>      dTLB-load-misses         
   <not supported>      iTLB-loads               
   <not supported>      iTLB-load-misses         
   <not supported>      L1-dcache-prefetches     
   <not supported>      L1-dcache-prefetch-misses

       0.119382727 seconds time elapsed                                          ( +-  0.12% )


 Performance counter stats for './mandelbrot_omp -0.188 -0.012 0.554 0.754 512' (10 runs):

        474.928894      task-clock (msec)         #    0.999 CPUs utilized            ( +-  0.15% )
                 1      context-switches          #    0.003 K/sec                    ( +- 23.08% )
                 0      cpu-migrations            #    0.000 K/sec                  
             2,621      page-faults               #    0.006 M/sec                    ( +-  0.01% )
   <not supported>      cycles                   
   <not supported>      stalled-cycles-frontend  
   <not supported>      stalled-cycles-backend   
   <not supported>      instructions             
   <not supported>      branches                 
   <not supported>      branch-misses            
   <not supported>      L1-dcache-loads          
   <not supported>      L1-dcache-load-misses    
   <not supported>      LLC-loads                
   <not supported>      LLC-load-misses          
   <not supported>      L1-icache-loads          
   <not supported>      L1-icache-load-misses    
   <not supported>      dTLB-loads               
   <not supported>      dTLB-load-misses         
   <not supported>      iTLB-loads               
   <not supported>      iTLB-load-misses         
   <not supported>      L1-dcache-prefetches     
   <not supported>      L1-dcache-prefetch-misses

       0.475489986 seconds time elapsed                                          ( +-  0.16% )


 Performance counter stats for './mandelbrot_omp -0.188 -0.012 0.554 0.754 1024' (10 runs):

       1905.070195      task-clock (msec)         #    1.000 CPUs utilized            ( +-  0.54% )
                 4      context-switches          #    0.002 K/sec                    ( +- 13.94% )
                 0      cpu-migrations            #    0.000 K/sec                  
            10,301      page-faults               #    0.005 M/sec                    ( +-  0.00% )
   <not supported>      cycles                   
   <not supported>      stalled-cycles-frontend  
   <not supported>      stalled-cycles-backend   
   <not supported>      instructions             
   <not supported>      branches                 
   <not supported>      branch-misses            
   <not supported>      L1-dcache-loads          
   <not supported>      L1-dcache-load-misses    
   <not supported>      LLC-loads                
   <not supported>      LLC-load-misses          
   <not supported>      L1-icache-loads          
   <not supported>      L1-icache-load-misses    
   <not supported>      dTLB-loads               
   <not supported>      dTLB-load-misses         
   <not supported>      iTLB-loads               
   <not supported>      iTLB-load-misses         
   <not supported>      L1-dcache-prefetches     
   <not supported>      L1-dcache-prefetch-misses

       1.905718897 seconds time elapsed                                          ( +-  0.54% )


 Performance counter stats for './mandelbrot_omp -0.188 -0.012 0.554 0.754 2048' (10 runs):

       7631.424850      task-clock (msec)         #    1.000 CPUs utilized            ( +-  0.26% )
                13      context-switches          #    0.002 K/sec                    ( +-  1.66% )
                 0      cpu-migrations            #    0.000 K/sec                  
            41,021      page-faults               #    0.005 M/sec                    ( +-  0.00% )
   <not supported>      cycles                   
   <not supported>      stalled-cycles-frontend  
   <not supported>      stalled-cycles-backend   
   <not supported>      instructions             
   <not supported>      branches                 
   <not supported>      branch-misses            
   <not supported>      L1-dcache-loads          
   <not supported>      L1-dcache-load-misses    
   <not supported>      LLC-loads                
   <not supported>      LLC-load-misses          
   <not supported>      L1-icache-loads          
   <not supported>      L1-icache-load-misses    
   <not supported>      dTLB-loads               
   <not supported>      dTLB-load-misses         
   <not supported>      iTLB-loads               
   <not supported>      iTLB-load-misses         
   <not supported>      L1-dcache-prefetches     
   <not supported>      L1-dcache-prefetch-misses

       7.632094928 seconds time elapsed                                          ( +-  0.26% )


 Performance counter stats for './mandelbrot_omp -0.188 -0.012 0.554 0.754 4096' (10 runs):

      30426.021362      task-clock (msec)         #    0.998 CPUs utilized            ( +-  0.16% )
                57      context-switches          #    0.002 K/sec                    ( +-  0.71% )
                 0      cpu-migrations            #    0.000 K/sec                    ( +- 50.92% )
           163,901      page-faults               #    0.005 M/sec                    ( +-  0.00% )
   <not supported>      cycles                   
   <not supported>      stalled-cycles-frontend  
   <not supported>      stalled-cycles-backend   
   <not supported>      instructions             
   <not supported>      branches                 
   <not supported>      branch-misses            
   <not supported>      L1-dcache-loads          
   <not supported>      L1-dcache-load-misses    
   <not supported>      LLC-loads                
   <not supported>      LLC-load-misses          
   <not supported>      L1-icache-loads          
   <not supported>      L1-icache-load-misses    
   <not supported>      dTLB-loads               
   <not supported>      dTLB-load-misses         
   <not supported>      iTLB-loads               
   <not supported>      iTLB-load-misses         
   <not supported>      L1-dcache-prefetches     
   <not supported>      L1-dcache-prefetch-misses

      30.472520208 seconds time elapsed                                          ( +-  0.16% )


 Performance counter stats for './mandelbrot_omp -0.188 -0.012 0.554 0.754 8192' (10 runs):

     120859.221206      task-clock (msec)         #    0.990 CPUs utilized            ( +-  0.09% )
               236      context-switches          #    0.002 K/sec                    ( +-  0.20% )
                 0      cpu-migrations            #    0.000 K/sec                    ( +- 44.72% )
           655,421      page-faults               #    0.005 M/sec                    ( +-  0.00% )
   <not supported>      cycles                   
   <not supported>      stalled-cycles-frontend  
   <not supported>      stalled-cycles-backend   
   <not supported>      instructions             
   <not supported>      branches                 
   <not supported>      branch-misses            
   <not supported>      L1-dcache-loads          
   <not supported>      L1-dcache-load-misses    
   <not supported>      LLC-loads                
   <not supported>      LLC-load-misses          
   <not supported>      L1-icache-loads          
   <not supported>      L1-icache-load-misses    
   <not supported>      dTLB-loads               
   <not supported>      dTLB-load-misses         
   <not supported>      iTLB-loads               
   <not supported>      iTLB-load-misses         
   <not supported>      L1-dcache-prefetches     
   <not supported>      L1-dcache-prefetch-misses

     122.025586233 seconds time elapsed                                          ( +-  0.09% )

