
 Performance counter stats for './mandelbrot_seq -2.5 1.5 -2.0 2.0 16' (10 runs):

              0.62 msec task-clock                #    0.541 CPUs utilized            ( +-  3.93% )
                 0      context-switches          #    0.162 K/sec                    ( +-100.00% )
                 0      cpu-migrations            #    0.000 K/sec                  
                58      page-faults               #    0.094 M/sec                    ( +-  0.43% )
         1,260,315      cycles                    #    2.039 GHz                      ( +-  2.34% )
         1,101,064      instructions              #    0.87  insn per cycle           ( +-  0.49% )
           198,949      branches                  #  321.871 M/sec                    ( +-  0.54% )
             8,459      branch-misses             #    4.25% of all branches          ( +-  1.62% )

         0.0011432 +- 0.0000311 seconds time elapsed  ( +-  2.72% )


 Performance counter stats for './mandelbrot_seq -2.5 1.5 -2.0 2.0 32' (10 runs):

              0.83 msec task-clock                #    0.636 CPUs utilized            ( +-  3.64% )
                 0      context-switches          #    0.121 K/sec                    ( +-100.00% )
                 0      cpu-migrations            #    0.121 K/sec                    ( +-100.00% )
                66      page-faults               #    0.079 M/sec                    ( +-  0.68% )
         1,866,562      cycles                    #    2.254 GHz                      ( +-  2.36% )
         1,967,935      instructions              #    1.05  insn per cycle           ( +-  0.26% )
           299,526      branches                  #  361.729 M/sec                    ( +-  0.36% )
             9,026      branch-misses             #    3.01% of all branches          ( +-  0.86% )

         0.0013025 +- 0.0000370 seconds time elapsed  ( +-  2.84% )


 Performance counter stats for './mandelbrot_seq -2.5 1.5 -2.0 2.0 64' (10 runs):

              1.66 msec task-clock                #    0.760 CPUs utilized            ( +-  1.97% )
                 0      context-switches          #    0.000 K/sec                  
                 0      cpu-migrations            #    0.000 K/sec                  
                96      page-faults               #    0.058 M/sec                    ( +-  0.42% )
         4,169,922      cycles                    #    2.511 GHz                      ( +-  1.00% )
         5,416,439      instructions              #    1.30  insn per cycle           ( +-  0.06% )
           704,880      branches                  #  424.460 M/sec                    ( +-  0.09% )
            10,171      branch-misses             #    1.44% of all branches          ( +-  1.00% )

         0.0021852 +- 0.0000417 seconds time elapsed  ( +-  1.91% )


 Performance counter stats for './mandelbrot_seq -2.5 1.5 -2.0 2.0 128' (10 runs):

              5.29 msec task-clock                #    0.909 CPUs utilized            ( +-  4.95% )
                 0      context-switches          #    0.000 K/sec                  
                 0      cpu-migrations            #    0.000 K/sec                  
               216      page-faults               #    0.041 M/sec                    ( +-  0.20% )
        14,604,777      cycles                    #    2.760 GHz                      ( +-  4.69% )
        19,071,811      instructions              #    1.31  insn per cycle           ( +-  0.03% )
         2,313,176      branches                  #  437.213 M/sec                    ( +-  0.04% )
            22,558      branch-misses             #    0.98% of all branches          ( +- 20.66% )

          0.005820 +- 0.000301 seconds time elapsed  ( +-  5.17% )


 Performance counter stats for './mandelbrot_seq -2.5 1.5 -2.0 2.0 256' (10 runs):

             16.64 msec task-clock                #    0.969 CPUs utilized            ( +-  0.46% )
                 0      context-switches          #    0.012 K/sec                    ( +- 66.67% )
                 0      cpu-migrations            #    0.006 K/sec                    ( +-100.00% )
               697      page-faults               #    0.042 M/sec                    ( +-  0.04% )
        48,657,094      cycles                    #    2.925 GHz                      ( +-  0.21% )
        73,902,543      instructions              #    1.52  insn per cycle           ( +-  0.03% )
         8,780,717      branches                  #  527.786 M/sec                    ( +-  0.04% )
            26,031      branch-misses             #    0.30% of all branches          ( +-  1.36% )

         0.0171763 +- 0.0000901 seconds time elapsed  ( +-  0.52% )


 Performance counter stats for './mandelbrot_seq -2.5 1.5 -2.0 2.0 512' (10 runs):

             66.91 msec task-clock                #    0.993 CPUs utilized            ( +-  1.92% )
                 1      context-switches          #    0.016 K/sec                    ( +- 36.99% )
                 0      cpu-migrations            #    0.001 K/sec                    ( +-100.00% )
             2,566      page-faults               #    0.038 M/sec                    ( +-  2.00% )
       193,684,323      cycles                    #    2.895 GHz                      ( +-  1.10% )
       292,873,020      instructions              #    1.51  insn per cycle           ( +-  0.06% )
        34,611,186      branches                  #  517.276 M/sec                    ( +-  0.09% )
            91,281      branch-misses             #    0.26% of all branches          ( +- 17.20% )

           0.06737 +- 0.00129 seconds time elapsed  ( +-  1.92% )


 Performance counter stats for './mandelbrot_seq -2.5 1.5 -2.0 2.0 1024' (10 runs):

            254.95 msec task-clock                #    0.996 CPUs utilized            ( +-  0.15% )
                 9      context-switches          #    0.034 K/sec                    ( +-  9.84% )
                 1      cpu-migrations            #    0.003 K/sec                    ( +- 31.18% )
             8,764      page-faults               #    0.034 M/sec                    ( +-  0.00% )
       752,255,523      cycles                    #    2.951 GHz                      ( +-  0.10% )
     1,164,272,250      instructions              #    1.55  insn per cycle           ( +-  0.01% )
       137,159,551      branches                  #  537.990 M/sec                    ( +-  0.02% )
           222,634      branch-misses             #    0.16% of all branches          ( +-  0.78% )

          0.256053 +- 0.000660 seconds time elapsed  ( +-  0.26% )


 Performance counter stats for './mandelbrot_seq -2.5 1.5 -2.0 2.0 2048' (10 runs):

          1,026.19 msec task-clock                #    0.999 CPUs utilized            ( +-  0.37% )
                25      context-switches          #    0.025 K/sec                    ( +- 20.48% )
                 4      cpu-migrations            #    0.004 K/sec                    ( +- 25.72% )
            33,352      page-faults               #    0.033 M/sec                    ( +-  0.00% )
     3,010,694,409      cycles                    #    2.934 GHz                      ( +-  0.16% )
     4,650,061,230      instructions              #    1.54  insn per cycle           ( +-  0.01% )
       547,385,526      branches                  #  533.415 M/sec                    ( +-  0.02% )
           826,057      branch-misses             #    0.15% of all branches          ( +-  0.96% )

           1.02722 +- 0.00375 seconds time elapsed  ( +-  0.36% )


 Performance counter stats for './mandelbrot_seq -2.5 1.5 -2.0 2.0 4096' (10 runs):

          4,237.87 msec task-clock                #    0.995 CPUs utilized            ( +-  1.14% )
                91      context-switches          #    0.021 K/sec                    ( +- 25.59% )
                12      cpu-migrations            #    0.003 K/sec                    ( +- 16.55% )
           131,704      page-faults               #    0.031 M/sec                    ( +-  0.00% )
    12,214,979,251      cycles                    #    2.882 GHz                      ( +-  0.52% )
    18,599,148,267      instructions              #    1.52  insn per cycle           ( +-  0.01% )
     2,189,384,965      branches                  #  516.624 M/sec                    ( +-  0.02% )
         3,981,214      branch-misses             #    0.18% of all branches          ( +-  7.06% )

            4.2584 +- 0.0546 seconds time elapsed  ( +-  1.28% )


 Performance counter stats for './mandelbrot_seq -2.5 1.5 -2.0 2.0 8192' (10 runs):

         17,397.87 msec task-clock                #    0.998 CPUs utilized            ( +-  0.17% )
               720      context-switches          #    0.041 K/sec                    ( +- 13.45% )
               141      cpu-migrations            #    0.008 K/sec                    ( +- 13.76% )
           525,112      page-faults               #    0.030 M/sec                    ( +-  0.00% )
    49,197,681,167      cycles                    #    2.828 GHz                      ( +-  0.15% )
    74,479,115,491      instructions              #    1.51  insn per cycle           ( +-  0.01% )
     8,771,682,801      branches                  #  504.181 M/sec                    ( +-  0.02% )
        17,114,608      branch-misses             #    0.20% of all branches          ( +-  1.23% )

           17.4381 +- 0.0252 seconds time elapsed  ( +-  0.14% )

