
 Performance counter stats for './mandelbrot_seq -0.188 -0.012 0.554 0.754 16' (10 runs):

              0.98 msec task-clock                #    0.647 CPUs utilized            ( +-  3.36% )
                 0      context-switches          #    0.203 K/sec                    ( +- 66.67% )
                 0      cpu-migrations            #    0.000 K/sec                  
                58      page-faults               #    0.059 M/sec                    ( +-  0.54% )
         2,610,002      cycles                    #    2.651 GHz                      ( +-  3.62% )
         2,216,416      instructions              #    0.85  insn per cycle           ( +-  0.30% )
           282,133      branches                  #  286.549 M/sec                    ( +-  0.44% )
             8,438      branch-misses             #    2.99% of all branches          ( +-  1.94% )

         0.0015212 +- 0.0000690 seconds time elapsed  ( +-  4.54% )


 Performance counter stats for './mandelbrot_seq -0.188 -0.012 0.554 0.754 32' (10 runs):

              2.26 msec task-clock                #    0.819 CPUs utilized            ( +-  1.86% )
                 0      context-switches          #    0.000 K/sec                  
                 0      cpu-migrations            #    0.000 K/sec                  
                67      page-faults               #    0.029 M/sec                    ( +-  0.60% )
         5,867,802      cycles                    #    2.596 GHz                      ( +-  0.99% )
         6,406,519      instructions              #    1.09  insn per cycle           ( +-  0.05% )
           629,989      branches                  #  278.700 M/sec                    ( +-  0.11% )
             9,676      branch-misses             #    1.54% of all branches          ( +-  0.96% )

         0.0027610 +- 0.0000483 seconds time elapsed  ( +-  1.75% )


 Performance counter stats for './mandelbrot_seq -0.188 -0.012 0.554 0.754 64' (10 runs):

              7.27 msec task-clock                #    0.935 CPUs utilized            ( +-  1.73% )
                 1      context-switches          #    0.082 K/sec                    ( +- 36.85% )
                 0      cpu-migrations            #    0.000 K/sec                  
                96      page-faults               #    0.013 M/sec                    ( +-  0.39% )
        20,359,142      cycles                    #    2.799 GHz                      ( +-  0.98% )
        23,251,533      instructions              #    1.14  insn per cycle           ( +-  0.02% )
         2,032,483      branches                  #  279.422 M/sec                    ( +-  0.04% )
            14,243      branch-misses             #    0.70% of all branches          ( +-  3.68% )

          0.007777 +- 0.000133 seconds time elapsed  ( +-  1.71% )


 Performance counter stats for './mandelbrot_seq -0.188 -0.012 0.554 0.754 128' (10 runs):

             26.15 msec task-clock                #    0.982 CPUs utilized            ( +-  0.33% )
                 1      context-switches          #    0.031 K/sec                    ( +- 40.82% )
                 0      cpu-migrations            #    0.004 K/sec                    ( +-100.00% )
               216      page-faults               #    0.008 M/sec                    ( +-  0.13% )
        76,543,429      cycles                    #    2.927 GHz                      ( +-  0.15% )
        90,339,978      instructions              #    1.18  insn per cycle           ( +-  0.01% )
         7,607,924      branches                  #  290.918 M/sec                    ( +-  0.02% )
            27,851      branch-misses             #    0.37% of all branches          ( +-  2.11% )

         0.0266319 +- 0.0000936 seconds time elapsed  ( +-  0.35% )


 Performance counter stats for './mandelbrot_seq -0.188 -0.012 0.554 0.754 256' (10 runs):

            103.46 msec task-clock                #    0.995 CPUs utilized            ( +-  0.59% )
                 1      context-switches          #    0.014 K/sec                    ( +- 26.76% )
                 0      cpu-migrations            #    0.000 K/sec                  
               698      page-faults               #    0.007 M/sec                    ( +-  0.05% )
       302,807,608      cycles                    #    2.927 GHz                      ( +-  0.08% )
       358,760,393      instructions              #    1.18  insn per cycle           ( +-  0.00% )
        29,936,989      branches                  #  289.355 M/sec                    ( +-  0.01% )
            80,711      branch-misses             #    0.27% of all branches          ( +-  0.56% )

          0.103964 +- 0.000618 seconds time elapsed  ( +-  0.59% )


 Performance counter stats for './mandelbrot_seq -0.188 -0.012 0.554 0.754 512' (10 runs):

            410.88 msec task-clock                #    0.998 CPUs utilized            ( +-  0.43% )
                13      context-switches          #    0.031 K/sec                    ( +- 19.32% )
                 2      cpu-migrations            #    0.005 K/sec                    ( +- 23.28% )
             2,618      page-faults               #    0.006 M/sec                    ( +-  0.02% )
     1,209,766,896      cycles                    #    2.944 GHz                      ( +-  0.20% )
     1,432,401,955      instructions              #    1.18  insn per cycle           ( +-  0.00% )
       119,266,946      branches                  #  290.275 M/sec                    ( +-  0.01% )
           289,948      branch-misses             #    0.24% of all branches          ( +-  0.39% )

           0.41161 +- 0.00190 seconds time elapsed  ( +-  0.46% )


 Performance counter stats for './mandelbrot_seq -0.188 -0.012 0.554 0.754 1024' (10 runs):

          1,634.72 msec task-clock                #    0.998 CPUs utilized            ( +-  0.34% )
                18      context-switches          #    0.011 K/sec                    ( +- 13.16% )
                 2      cpu-migrations            #    0.001 K/sec                    ( +- 28.87% )
             8,764      page-faults               #    0.005 M/sec                    ( +-  0.00% )
     4,817,104,272      cycles                    #    2.947 GHz                      ( +-  0.11% )
     5,720,692,774      instructions              #    1.19  insn per cycle           ( +-  0.00% )
       475,495,054      branches                  #  290.872 M/sec                    ( +-  0.00% )
         1,096,956      branch-misses             #    0.23% of all branches          ( +-  0.10% )

           1.63790 +- 0.00639 seconds time elapsed  ( +-  0.39% )


 Performance counter stats for './mandelbrot_seq -0.188 -0.012 0.554 0.754 2048' (10 runs):

          6,495.93 msec task-clock                #    1.000 CPUs utilized            ( +-  0.18% )
                93      context-switches          #    0.014 K/sec                    ( +- 10.42% )
                10      cpu-migrations            #    0.002 K/sec                    ( +- 14.48% )
            33,352      page-faults               #    0.005 M/sec                    ( +-  0.00% )
    19,231,100,961      cycles                    #    2.960 GHz                      ( +-  0.07% )
    22,875,159,237      instructions              #    1.19  insn per cycle           ( +-  0.00% )
     1,900,601,221      branches                  #  292.583 M/sec                    ( +-  0.00% )
         4,354,528      branch-misses             #    0.23% of all branches          ( +-  0.61% )

            6.4991 +- 0.0133 seconds time elapsed  ( +-  0.20% )


 Performance counter stats for './mandelbrot_seq -0.188 -0.012 0.554 0.754 4096' (10 runs):

         27,663.06 msec task-clock                #    0.996 CPUs utilized            ( +-  0.30% )
             1,310      context-switches          #    0.047 K/sec                    ( +- 13.51% )
               213      cpu-migrations            #    0.008 K/sec                    ( +- 12.14% )
           131,705      page-faults               #    0.005 M/sec                    ( +-  0.00% )
    78,041,274,911      cycles                    #    2.821 GHz                      ( +-  0.09% )
    91,497,028,566      instructions              #    1.17  insn per cycle           ( +-  0.00% )
     7,602,787,566      branches                  #  274.835 M/sec                    ( +-  0.01% )
        18,717,011      branch-misses             #    0.25% of all branches          ( +-  0.89% )

            27.772 +- 0.118 seconds time elapsed  ( +-  0.42% )


 Performance counter stats for './mandelbrot_seq -0.188 -0.012 0.554 0.754 8192' (10 runs):

        105,256.65 msec task-clock                #    0.999 CPUs utilized            ( +-  0.89% )
             2,431      context-switches          #    0.023 K/sec                    ( +- 28.07% )
               337      cpu-migrations            #    0.003 K/sec                    ( +- 33.00% )
           525,112      page-faults               #    0.005 M/sec                    ( +-  0.00% )
   308,270,865,744      cycles                    #    2.929 GHz                      ( +-  0.21% )
   366,060,805,237      instructions              #    1.19  insn per cycle           ( +-  0.00% )
    30,421,606,967      branches                  #  289.023 M/sec                    ( +-  0.01% )
        70,164,328      branch-misses             #    0.23% of all branches          ( +-  1.23% )

            105.39 +- 1.00 seconds time elapsed  ( +-  0.95% )

